<?xml version="1.0" encoding="UTF-8"?>
<!-- Generated by org.testng.reporters.JUnitXMLReporter -->
<testsuite hostname="DESKTOP-2C4J7I5" name="Automation" tests="16" failures="4" timestamp="9 Nov 2020 15:24:45 GMT" time="695.282" errors="0">
  <testcase name="RegisterAccount" time="32.273" classname="com.project.testcases.Account_1"/>
  <testcase name="RegisterAccount" time="30.339" classname="com.project.testcases.Account_2"/>
  <testcase name="RegisterAccount" time="38.154" classname="com.project.testcases.Account_2">
    <failure type="java.lang.AssertionError" message="expected [true] but found [false]">
      <![CDATA[java.lang.AssertionError: expected [true] but found [false]
	at com.project.testcases.Account_2.RegisterAccount(Account_2.java:42)
... Removed 31 stack frames]]>
    </failure>
  </testcase> <!-- RegisterAccount -->
  <testcase name="SignIn" time="6.57" classname="com.project.testcases.Signin_Valid"/>
  <testcase name="SignInInvalid" time="5.523" classname="com.project.testcases.Signin_Invalid"/>
  <testcase name="SignInInvalid" time="17.044" classname="com.project.testcases.Signin_Invalid"/>
  <testcase name="SignInInvalid" time="5.826" classname="com.project.testcases.Signin_Invalid"/>
  <testcase name="Logoff" time="8.921" classname="com.project.testcases.LogOff"/>
  <testcase name="SearctTestCase" time="4.675" classname="com.project.testcases.Search"/>
  <testcase name="SearctTestCase" time="4.575" classname="com.project.testcases.Manufacturers">
    <failure type="java.lang.AssertionError" message="expected [true] but found [false]">
      <![CDATA[java.lang.AssertionError: expected [true] but found [false]
	at com.project.testcases.Manufacturers.SearctTestCase(Manufacturers.java:21)
... Removed 31 stack frames]]>
    </failure>
  </testcase> <!-- SearctTestCase -->
  <testcase name="WriteAReview" time="14.808" classname="com.project.testcases.Review">
    <failure type="java.lang.AssertionError" message="expected [true] but found [false]">
      <![CDATA[java.lang.AssertionError: expected [true] but found [false]
	at com.project.testcases.Review.WriteAReview(Review.java:34)
... Removed 31 stack frames]]>
    </failure>
  </testcase> <!-- WriteAReview -->
  <testcase name="ShareProductPinIt" time="11.73" classname="com.project.testcases.ShareProduct_Pinterest"/>
  <testcase name="ShareProductGooglePlus" time="7.656" classname="com.project.testcases.ShareProduct_GooglePlus"/>
  <testcase name="ShareProductFacebook" time="4.783" classname="com.project.testcases.ShareProduct_Facebook"/>
  <testcase name="PlacingOrderPayByCheck" time="48.802" classname="com.project.testcases.PlacingOrder">
    <failure type="java.lang.AssertionError" message="expected [true] but found [false]">
      <![CDATA[java.lang.AssertionError: expected [true] but found [false]
	at com.project.testcases.PlacingOrder.PlacingOrderPayByCheck(PlacingOrder.java:90)
... Removed 31 stack frames]]>
    </failure>
  </testcase> <!-- PlacingOrderPayByCheck -->
  <testcase name="PlacingOrderPayByWire" time="50.449" classname="com.project.testcases.PlacingOrder"/>
</testsuite> <!-- Automation -->
