<html>
<head>
<title>TestNG:  Automation</title>
<link href="../testng.css" rel="stylesheet" type="text/css" />
<link href="../my-testng.css" rel="stylesheet" type="text/css" />

<style type="text/css">
.log { display: none;} 
.stack-trace { display: none;} 
</style>
<script type="text/javascript">
<!--
function flip(e) {
  current = e.style.display;
  if (current == 'block') {
    e.style.display = 'none';
    return 0;
  }
  else {
    e.style.display = 'block';
    return 1;
  }
}

function toggleBox(szDivId, elem, msg1, msg2)
{
  var res = -1;  if (document.getElementById) {
    res = flip(document.getElementById(szDivId));
  }
  else if (document.all) {
    // this is the way old msie versions work
    res = flip(document.all[szDivId]);
  }
  if(elem) {
    if(res == 0) elem.innerHTML = msg1; else elem.innerHTML = msg2;
  }

}

function toggleAllBoxes() {
  if (document.getElementsByTagName) {
    d = document.getElementsByTagName('div');
    for (i = 0; i < d.length; i++) {
      if (d[i].className == 'log') {
        flip(d[i]);
      }
    }
  }
}

// -->
</script>

</head>
<body>
<h2 align='center'>Automation</h2><table border='1' align="center">
<tr>
<td>Tests passed/Failed/Skipped:</td><td>12/4/0</td>
</tr><tr>
<td>Started on:</td><td>Mon Nov 09 20:43:08 IST 2020</td>
</tr>
<tr><td>Total time:</td><td>695 seconds (695282 ms)</td>
</tr><tr>
<td>Included groups:</td><td></td>
</tr><tr>
<td>Excluded groups:</td><td></td>
</tr>
</table><p/>
<small><i>(Hover the method name to see the test class name)</i></small><p/>
<table width='100%' border='1' class='invocation-failed'>
<tr><td colspan='4' align='center'><b>FAILED TESTS</b></td></tr>
<tr><td><b>Test method</b></td>
<td width="30%"><b>Exception</b></td>
<td width="10%"><b>Time (seconds)</b></td>
<td><b>Instance</b></td>
</tr>
<tr>
<td title='com.project.testcases.PlacingOrder.PlacingOrderPayByCheck()'><b>PlacingOrderPayByCheck</b><br>Test class: com.project.testcases.PlacingOrder<br>Parameters: [Ljava.lang.String;@703e8050</td>
<td><div><pre>java.lang.AssertionError: expected [true] but found [false]
	at com.project.testcases.PlacingOrder.PlacingOrderPayByCheck(PlacingOrder.java:90)
... Removed 31 stack frames</pre></div><a href='#' onClick='toggleBox("stack-trace311765759", this, "Click to show all stack frames", "Click to hide stack frames")'>Click to show all stack frames</a>
<div class='stack-trace' id='stack-trace311765759'><pre>java.lang.AssertionError: expected [true] but found [false]
	at org.testng.Assert.fail(Assert.java:94)
	at org.testng.Assert.failNotEquals(Assert.java:496)
	at org.testng.Assert.assertTrue(Assert.java:42)
	at org.testng.Assert.assertTrue(Assert.java:52)
	at com.project.testcases.PlacingOrder.PlacingOrderPayByCheck(PlacingOrder.java:90)
	at sun.reflect.NativeMethodAccessorImpl.invoke0(Native Method)
	at sun.reflect.NativeMethodAccessorImpl.invoke(NativeMethodAccessorImpl.java:62)
	at sun.reflect.DelegatingMethodAccessorImpl.invoke(DelegatingMethodAccessorImpl.java:43)
	at java.lang.reflect.Method.invoke(Method.java:498)
	at org.testng.internal.MethodInvocationHelper.invokeMethod(MethodInvocationHelper.java:85)
	at org.testng.internal.Invoker.invokeMethod(Invoker.java:639)
	at org.testng.internal.Invoker.invokeTestMethod(Invoker.java:816)
	at org.testng.internal.Invoker.invokeTestMethods(Invoker.java:1124)
	at org.testng.internal.TestMethodWorker.invokeTestMethods(TestMethodWorker.java:125)
	at org.testng.internal.TestMethodWorker.run(TestMethodWorker.java:108)
	at org.testng.TestRunner.privateRun(TestRunner.java:774)
	at org.testng.TestRunner.run(TestRunner.java:624)
	at org.testng.SuiteRunner.runTest(SuiteRunner.java:359)
	at org.testng.SuiteRunner.runSequentially(SuiteRunner.java:354)
	at org.testng.SuiteRunner.privateRun(SuiteRunner.java:312)
	at org.testng.SuiteRunner.run(SuiteRunner.java:261)
	at org.testng.SuiteRunnerWorker.runSuite(SuiteRunnerWorker.java:52)
	at org.testng.SuiteRunnerWorker.run(SuiteRunnerWorker.java:86)
	at org.testng.TestNG.runSuitesSequentially(TestNG.java:1215)
	at org.testng.TestNG.runSuitesLocally(TestNG.java:1140)
	at org.testng.TestNG.run(TestNG.java:1048)
	at org.apache.maven.surefire.testng.TestNGExecutor.run(TestNGExecutor.java:293)
	at org.apache.maven.surefire.testng.TestNGXmlTestSuite.execute(TestNGXmlTestSuite.java:84)
	at org.apache.maven.surefire.testng.TestNGProvider.invoke(TestNGProvider.java:91)
	at org.apache.maven.surefire.booter.ForkedBooter.invokeProviderInSameClassLoader(ForkedBooter.java:200)
	at org.apache.maven.surefire.booter.ForkedBooter.runSuitesInProcess(ForkedBooter.java:153)
	at org.apache.maven.surefire.booter.ForkedBooter.main(ForkedBooter.java:103)
</pre></div></td>
<td>48</td>
<td>com.project.testcases.PlacingOrder@123f1134</td></tr>
<tr>
<td title='com.project.testcases.Account_2.RegisterAccount()'><b>RegisterAccount</b><br>Test class: com.project.testcases.Account_2<br>Parameters: [Ljava.lang.String;@7741ae1b</td>
<td><div><pre>java.lang.AssertionError: expected [true] but found [false]
	at com.project.testcases.Account_2.RegisterAccount(Account_2.java:42)
... Removed 31 stack frames</pre></div><a href='#' onClick='toggleBox("stack-trace1350269431", this, "Click to show all stack frames", "Click to hide stack frames")'>Click to show all stack frames</a>
<div class='stack-trace' id='stack-trace1350269431'><pre>java.lang.AssertionError: expected [true] but found [false]
	at org.testng.Assert.fail(Assert.java:94)
	at org.testng.Assert.failNotEquals(Assert.java:496)
	at org.testng.Assert.assertTrue(Assert.java:42)
	at org.testng.Assert.assertTrue(Assert.java:52)
	at com.project.testcases.Account_2.RegisterAccount(Account_2.java:42)
	at sun.reflect.NativeMethodAccessorImpl.invoke0(Native Method)
	at sun.reflect.NativeMethodAccessorImpl.invoke(NativeMethodAccessorImpl.java:62)
	at sun.reflect.DelegatingMethodAccessorImpl.invoke(DelegatingMethodAccessorImpl.java:43)
	at java.lang.reflect.Method.invoke(Method.java:498)
	at org.testng.internal.MethodInvocationHelper.invokeMethod(MethodInvocationHelper.java:85)
	at org.testng.internal.Invoker.invokeMethod(Invoker.java:639)
	at org.testng.internal.Invoker.invokeTestMethod(Invoker.java:816)
	at org.testng.internal.Invoker.invokeTestMethods(Invoker.java:1124)
	at org.testng.internal.TestMethodWorker.invokeTestMethods(TestMethodWorker.java:125)
	at org.testng.internal.TestMethodWorker.run(TestMethodWorker.java:108)
	at org.testng.TestRunner.privateRun(TestRunner.java:774)
	at org.testng.TestRunner.run(TestRunner.java:624)
	at org.testng.SuiteRunner.runTest(SuiteRunner.java:359)
	at org.testng.SuiteRunner.runSequentially(SuiteRunner.java:354)
	at org.testng.SuiteRunner.privateRun(SuiteRunner.java:312)
	at org.testng.SuiteRunner.run(SuiteRunner.java:261)
	at org.testng.SuiteRunnerWorker.runSuite(SuiteRunnerWorker.java:52)
	at org.testng.SuiteRunnerWorker.run(SuiteRunnerWorker.java:86)
	at org.testng.TestNG.runSuitesSequentially(TestNG.java:1215)
	at org.testng.TestNG.runSuitesLocally(TestNG.java:1140)
	at org.testng.TestNG.run(TestNG.java:1048)
	at org.apache.maven.surefire.testng.TestNGExecutor.run(TestNGExecutor.java:293)
	at org.apache.maven.surefire.testng.TestNGXmlTestSuite.execute(TestNGXmlTestSuite.java:84)
	at org.apache.maven.surefire.testng.TestNGProvider.invoke(TestNGProvider.java:91)
	at org.apache.maven.surefire.booter.ForkedBooter.invokeProviderInSameClassLoader(ForkedBooter.java:200)
	at org.apache.maven.surefire.booter.ForkedBooter.runSuitesInProcess(ForkedBooter.java:153)
	at org.apache.maven.surefire.booter.ForkedBooter.main(ForkedBooter.java:103)
</pre></div></td>
<td>38</td>
<td>com.project.testcases.Account_2@8e0379d</td></tr>
<tr>
<td title='com.project.testcases.Manufacturers.SearctTestCase()'><b>SearctTestCase</b><br>Test class: com.project.testcases.Manufacturers<br>Parameters: [Ljava.lang.String;@545d2560</td>
<td><div><pre>java.lang.AssertionError: expected [true] but found [false]
	at com.project.testcases.Manufacturers.SearctTestCase(Manufacturers.java:21)
... Removed 31 stack frames</pre></div><a href='#' onClick='toggleBox("stack-trace1871362568", this, "Click to show all stack frames", "Click to hide stack frames")'>Click to show all stack frames</a>
<div class='stack-trace' id='stack-trace1871362568'><pre>java.lang.AssertionError: expected [true] but found [false]
	at org.testng.Assert.fail(Assert.java:94)
	at org.testng.Assert.failNotEquals(Assert.java:496)
	at org.testng.Assert.assertTrue(Assert.java:42)
	at org.testng.Assert.assertTrue(Assert.java:52)
	at com.project.testcases.Manufacturers.SearctTestCase(Manufacturers.java:21)
	at sun.reflect.NativeMethodAccessorImpl.invoke0(Native Method)
	at sun.reflect.NativeMethodAccessorImpl.invoke(NativeMethodAccessorImpl.java:62)
	at sun.reflect.DelegatingMethodAccessorImpl.invoke(DelegatingMethodAccessorImpl.java:43)
	at java.lang.reflect.Method.invoke(Method.java:498)
	at org.testng.internal.MethodInvocationHelper.invokeMethod(MethodInvocationHelper.java:85)
	at org.testng.internal.Invoker.invokeMethod(Invoker.java:639)
	at org.testng.internal.Invoker.invokeTestMethod(Invoker.java:816)
	at org.testng.internal.Invoker.invokeTestMethods(Invoker.java:1124)
	at org.testng.internal.TestMethodWorker.invokeTestMethods(TestMethodWorker.java:125)
	at org.testng.internal.TestMethodWorker.run(TestMethodWorker.java:108)
	at org.testng.TestRunner.privateRun(TestRunner.java:774)
	at org.testng.TestRunner.run(TestRunner.java:624)
	at org.testng.SuiteRunner.runTest(SuiteRunner.java:359)
	at org.testng.SuiteRunner.runSequentially(SuiteRunner.java:354)
	at org.testng.SuiteRunner.privateRun(SuiteRunner.java:312)
	at org.testng.SuiteRunner.run(SuiteRunner.java:261)
	at org.testng.SuiteRunnerWorker.runSuite(SuiteRunnerWorker.java:52)
	at org.testng.SuiteRunnerWorker.run(SuiteRunnerWorker.java:86)
	at org.testng.TestNG.runSuitesSequentially(TestNG.java:1215)
	at org.testng.TestNG.runSuitesLocally(TestNG.java:1140)
	at org.testng.TestNG.run(TestNG.java:1048)
	at org.apache.maven.surefire.testng.TestNGExecutor.run(TestNGExecutor.java:293)
	at org.apache.maven.surefire.testng.TestNGXmlTestSuite.execute(TestNGXmlTestSuite.java:84)
	at org.apache.maven.surefire.testng.TestNGProvider.invoke(TestNGProvider.java:91)
	at org.apache.maven.surefire.booter.ForkedBooter.invokeProviderInSameClassLoader(ForkedBooter.java:200)
	at org.apache.maven.surefire.booter.ForkedBooter.runSuitesInProcess(ForkedBooter.java:153)
	at org.apache.maven.surefire.booter.ForkedBooter.main(ForkedBooter.java:103)
</pre></div></td>
<td>4</td>
<td>com.project.testcases.Manufacturers@40e6dfe1</td></tr>
<tr>
<td title='com.project.testcases.Review.WriteAReview()'><b>WriteAReview</b><br>Test class: com.project.testcases.Review<br>Parameters: [Ljava.lang.String;@6885ed19</td>
<td><div><pre>java.lang.AssertionError: expected [true] but found [false]
	at com.project.testcases.Review.WriteAReview(Review.java:34)
... Removed 31 stack frames</pre></div><a href='#' onClick='toggleBox("stack-trace769195805", this, "Click to show all stack frames", "Click to hide stack frames")'>Click to show all stack frames</a>
<div class='stack-trace' id='stack-trace769195805'><pre>java.lang.AssertionError: expected [true] but found [false]
	at org.testng.Assert.fail(Assert.java:94)
	at org.testng.Assert.failNotEquals(Assert.java:496)
	at org.testng.Assert.assertTrue(Assert.java:42)
	at org.testng.Assert.assertTrue(Assert.java:52)
	at com.project.testcases.Review.WriteAReview(Review.java:34)
	at sun.reflect.NativeMethodAccessorImpl.invoke0(Native Method)
	at sun.reflect.NativeMethodAccessorImpl.invoke(NativeMethodAccessorImpl.java:62)
	at sun.reflect.DelegatingMethodAccessorImpl.invoke(DelegatingMethodAccessorImpl.java:43)
	at java.lang.reflect.Method.invoke(Method.java:498)
	at org.testng.internal.MethodInvocationHelper.invokeMethod(MethodInvocationHelper.java:85)
	at org.testng.internal.Invoker.invokeMethod(Invoker.java:639)
	at org.testng.internal.Invoker.invokeTestMethod(Invoker.java:816)
	at org.testng.internal.Invoker.invokeTestMethods(Invoker.java:1124)
	at org.testng.internal.TestMethodWorker.invokeTestMethods(TestMethodWorker.java:125)
	at org.testng.internal.TestMethodWorker.run(TestMethodWorker.java:108)
	at org.testng.TestRunner.privateRun(TestRunner.java:774)
	at org.testng.TestRunner.run(TestRunner.java:624)
	at org.testng.SuiteRunner.runTest(SuiteRunner.java:359)
	at org.testng.SuiteRunner.runSequentially(SuiteRunner.java:354)
	at org.testng.SuiteRunner.privateRun(SuiteRunner.java:312)
	at org.testng.SuiteRunner.run(SuiteRunner.java:261)
	at org.testng.SuiteRunnerWorker.runSuite(SuiteRunnerWorker.java:52)
	at org.testng.SuiteRunnerWorker.run(SuiteRunnerWorker.java:86)
	at org.testng.TestNG.runSuitesSequentially(TestNG.java:1215)
	at org.testng.TestNG.runSuitesLocally(TestNG.java:1140)
	at org.testng.TestNG.run(TestNG.java:1048)
	at org.apache.maven.surefire.testng.TestNGExecutor.run(TestNGExecutor.java:293)
	at org.apache.maven.surefire.testng.TestNGXmlTestSuite.execute(TestNGXmlTestSuite.java:84)
	at org.apache.maven.surefire.testng.TestNGProvider.invoke(TestNGProvider.java:91)
	at org.apache.maven.surefire.booter.ForkedBooter.invokeProviderInSameClassLoader(ForkedBooter.java:200)
	at org.apache.maven.surefire.booter.ForkedBooter.runSuitesInProcess(ForkedBooter.java:153)
	at org.apache.maven.surefire.booter.ForkedBooter.main(ForkedBooter.java:103)
</pre></div></td>
<td>14</td>
<td>com.project.testcases.Review@1b083826</td></tr>
</table><p>
<table width='100%' border='1' class='invocation-passed'>
<tr><td colspan='4' align='center'><b>PASSED TESTS</b></td></tr>
<tr><td><b>Test method</b></td>
<td width="30%"><b>Exception</b></td>
<td width="10%"><b>Time (seconds)</b></td>
<td><b>Instance</b></td>
</tr>
<tr>
<td title='com.project.testcases.LogOff.Logoff()'><b>Logoff</b><br>Test class: com.project.testcases.LogOff<br>Parameters: [Ljava.lang.String;@2d4a3e13</td>
<td></td>
<td>8</td>
<td>com.project.testcases.LogOff@2145433b</td></tr>
<tr>
<td title='com.project.testcases.PlacingOrder.PlacingOrderPayByWire()'><b>PlacingOrderPayByWire</b><br>Test class: com.project.testcases.PlacingOrder<br>Parameters: [Ljava.lang.String;@4a22e4d7</td>
<td></td>
<td>50</td>
<td>com.project.testcases.PlacingOrder@123f1134</td></tr>
<tr>
<td title='com.project.testcases.Account_1.RegisterAccount()'><b>RegisterAccount</b><br>Test class: com.project.testcases.Account_1<br>Parameters: [Ljava.lang.String;@d8835af</td>
<td></td>
<td>32</td>
<td>com.project.testcases.Account_1@35083305</td></tr>
<tr>
<td title='com.project.testcases.Account_2.RegisterAccount()'><b>RegisterAccount</b><br>Test class: com.project.testcases.Account_2<br>Parameters: [Ljava.lang.String;@16681017</td>
<td></td>
<td>30</td>
<td>com.project.testcases.Account_2@8e0379d</td></tr>
<tr>
<td title='com.project.testcases.Search.SearctTestCase()'><b>SearctTestCase</b><br>Test class: com.project.testcases.Search<br>Parameters: [Ljava.lang.String;@6aae0e6f</td>
<td></td>
<td>4</td>
<td>com.project.testcases.Search@2890c451</td></tr>
<tr>
<td title='com.project.testcases.ShareProduct_Facebook.ShareProductFacebook()'><b>ShareProductFacebook</b><br>Test class: com.project.testcases.ShareProduct_Facebook<br>Parameters: [Ljava.lang.String;@37775bb1</td>
<td></td>
<td>4</td>
<td>com.project.testcases.ShareProduct_Facebook@482cd91f</td></tr>
<tr>
<td title='com.project.testcases.ShareProduct_GooglePlus.ShareProductGooglePlus()'><b>ShareProductGooglePlus</b><br>Test class: com.project.testcases.ShareProduct_GooglePlus<br>Parameters: [Ljava.lang.String;@7b9e25bd</td>
<td></td>
<td>7</td>
<td>com.project.testcases.ShareProduct_GooglePlus@3ec300f1</td></tr>
<tr>
<td title='com.project.testcases.ShareProduct_Pinterest.ShareProductPinIt()'><b>ShareProductPinIt</b><br>Test class: com.project.testcases.ShareProduct_Pinterest<br>Parameters: [Ljava.lang.String;@2d206a71</td>
<td></td>
<td>11</td>
<td>com.project.testcases.ShareProduct_Pinterest@105fece7</td></tr>
<tr>
<td title='com.project.testcases.Signin_Valid.SignIn()'><b>SignIn</b><br>Test class: com.project.testcases.Signin_Valid<br>Parameters: [Ljava.lang.String;@37e7c4cc</td>
<td></td>
<td>6</td>
<td>com.project.testcases.Signin_Valid@341b80b2</td></tr>
<tr>
<td title='com.project.testcases.Signin_Invalid.SignInInvalid()'><b>SignInInvalid</b><br>Test class: com.project.testcases.Signin_Invalid<br>Parameters: [Ljava.lang.String;@3a40bb52</td>
<td></td>
<td>5</td>
<td>com.project.testcases.Signin_Invalid@55a1c291</td></tr>
<tr>
<td title='com.project.testcases.Signin_Invalid.SignInInvalid()'><b>SignInInvalid</b><br>Test class: com.project.testcases.Signin_Invalid<br>Parameters: [Ljava.lang.String;@3079c26a</td>
<td></td>
<td>17</td>
<td>com.project.testcases.Signin_Invalid@55a1c291</td></tr>
<tr>
<td title='com.project.testcases.Signin_Invalid.SignInInvalid()'><b>SignInInvalid</b><br>Test class: com.project.testcases.Signin_Invalid<br>Parameters: [Ljava.lang.String;@1e2445f6</td>
<td></td>
<td>5</td>
<td>com.project.testcases.Signin_Invalid@55a1c291</td></tr>
</table><p>
</body>
</html>