<?xml version="1.0" encoding="UTF-8"?>
<testng-results skipped="0" failed="4" total="16" passed="12">
  <reporter-output>
  </reporter-output>
  <suite name="Suite" duration-ms="695282" started-at="2020-11-09T15:13:08Z" finished-at="2020-11-09T15:24:44Z">
    <groups>
    </groups>
    <test name="Automation" duration-ms="695282" started-at="2020-11-09T15:13:08Z" finished-at="2020-11-09T15:24:44Z">
      <class name="com.project.testcases.LogOff">
        <test-method status="PASS" signature="initiateDriver()[pri:0, instance:com.project.testcases.LogOff@2145433b]" name="initiateDriver" is-config="true" duration-ms="21736" started-at="2020-11-09T20:49:22Z" finished-at="2020-11-09T20:49:43Z">
          <reporter-output>
          </reporter-output>
        </test-method> <!-- initiateDriver -->
        <test-method status="PASS" signature="Logoff([Ljava.lang.String;)[pri:0, instance:com.project.testcases.LogOff@2145433b]" name="Logoff" duration-ms="8921" started-at="2020-11-09T20:49:43Z" data-provider="TestData" finished-at="2020-11-09T20:49:52Z">
          <params>
            <param index="0">
              <value>
                <![CDATA[[Ljava.lang.String;@2d4a3e13]]>
              </value>
            </param>
          </params>
          <reporter-output>
          </reporter-output>
        </test-method> <!-- Logoff -->
        <test-method status="PASS" signature="CloseBrowser(org.testng.ITestResult)[pri:0, instance:com.project.testcases.LogOff@2145433b]" name="CloseBrowser" is-config="true" duration-ms="1029" started-at="2020-11-09T20:49:52Z" finished-at="2020-11-09T20:49:53Z">
          <params>
            <param index="0">
              <value>
                <![CDATA[[TestResult name=Logoff status=SUCCESS method=LogOff.Logoff([Ljava.lang.String;)[pri:0, instance:com.project.testcases.LogOff@2145433b] output={null}]]]>
              </value>
            </param>
          </params>
          <reporter-output>
          </reporter-output>
        </test-method> <!-- CloseBrowser -->
      </class> <!-- com.project.testcases.LogOff -->
      <class name="com.project.testcases.Signin_Valid">
        <test-method status="PASS" signature="initiateDriver()[pri:0, instance:com.project.testcases.Signin_Valid@341b80b2]" name="initiateDriver" is-config="true" duration-ms="13856" started-at="2020-11-09T20:45:57Z" finished-at="2020-11-09T20:46:11Z">
          <reporter-output>
          </reporter-output>
        </test-method> <!-- initiateDriver -->
        <test-method status="PASS" signature="SignIn([Ljava.lang.String;)[pri:0, instance:com.project.testcases.Signin_Valid@341b80b2]" name="SignIn" duration-ms="6570" started-at="2020-11-09T20:46:11Z" data-provider="TestData" finished-at="2020-11-09T20:46:17Z">
          <params>
            <param index="0">
              <value>
                <![CDATA[[Ljava.lang.String;@37e7c4cc]]>
              </value>
            </param>
          </params>
          <reporter-output>
          </reporter-output>
        </test-method> <!-- SignIn -->
        <test-method status="PASS" signature="CloseBrowser(org.testng.ITestResult)[pri:0, instance:com.project.testcases.Signin_Valid@341b80b2]" name="CloseBrowser" is-config="true" duration-ms="1734" started-at="2020-11-09T20:46:17Z" finished-at="2020-11-09T20:46:19Z">
          <params>
            <param index="0">
              <value>
                <![CDATA[[TestResult name=SignIn status=SUCCESS method=Signin_Valid.SignIn([Ljava.lang.String;)[pri:0, instance:com.project.testcases.Signin_Valid@341b80b2] output={null}]]]>
              </value>
            </param>
          </params>
          <reporter-output>
          </reporter-output>
        </test-method> <!-- CloseBrowser -->
      </class> <!-- com.project.testcases.Signin_Valid -->
      <class name="com.project.testcases.Account_1">
        <test-method status="PASS" signature="startReport()[pri:0, instance:com.project.testcases.Account_1@35083305]" name="startReport" is-config="true" duration-ms="106" started-at="2020-11-09T20:43:08Z" finished-at="2020-11-09T20:43:08Z">
          <reporter-output>
          </reporter-output>
        </test-method> <!-- startReport -->
        <test-method status="PASS" signature="initiateDriver()[pri:0, instance:com.project.testcases.Account_1@35083305]" name="initiateDriver" is-config="true" duration-ms="17897" started-at="2020-11-09T20:43:08Z" finished-at="2020-11-09T20:43:26Z">
          <reporter-output>
          </reporter-output>
        </test-method> <!-- initiateDriver -->
        <test-method status="PASS" signature="RegisterAccount([Ljava.lang.String;)[pri:0, instance:com.project.testcases.Account_1@35083305]" name="RegisterAccount" duration-ms="32273" started-at="2020-11-09T20:43:26Z" data-provider="TestData" finished-at="2020-11-09T20:43:58Z">
          <params>
            <param index="0">
              <value>
                <![CDATA[[Ljava.lang.String;@d8835af]]>
              </value>
            </param>
          </params>
          <reporter-output>
          </reporter-output>
        </test-method> <!-- RegisterAccount -->
        <test-method status="PASS" signature="CloseBrowser(org.testng.ITestResult)[pri:0, instance:com.project.testcases.Account_1@35083305]" name="CloseBrowser" is-config="true" duration-ms="2369" started-at="2020-11-09T20:43:58Z" finished-at="2020-11-09T20:44:01Z">
          <params>
            <param index="0">
              <value>
                <![CDATA[[TestResult name=RegisterAccount status=SUCCESS method=Account_1.RegisterAccount([Ljava.lang.String;)[pri:0, instance:com.project.testcases.Account_1@35083305] output={null}]]]>
              </value>
            </param>
          </params>
          <reporter-output>
          </reporter-output>
        </test-method> <!-- CloseBrowser -->
        <test-method status="PASS" signature="stopTest()[pri:0, instance:com.project.testcases.Account_1@35083305]" name="stopTest" is-config="true" duration-ms="754" started-at="2020-11-09T20:54:45Z" finished-at="2020-11-09T20:54:46Z">
          <reporter-output>
          </reporter-output>
        </test-method> <!-- stopTest -->
      </class> <!-- com.project.testcases.Account_1 -->
      <class name="com.project.testcases.Signin_Invalid">
        <test-method status="PASS" signature="initiateDriver()[pri:0, instance:com.project.testcases.Signin_Invalid@55a1c291]" name="initiateDriver" is-config="true" duration-ms="24291" started-at="2020-11-09T20:46:19Z" finished-at="2020-11-09T20:46:43Z">
          <reporter-output>
          </reporter-output>
        </test-method> <!-- initiateDriver -->
        <test-method status="PASS" signature="SignInInvalid([Ljava.lang.String;)[pri:0, instance:com.project.testcases.Signin_Invalid@55a1c291]" name="SignInInvalid" duration-ms="5523" started-at="2020-11-09T20:46:43Z" data-provider="TestData" finished-at="2020-11-09T20:46:49Z">
          <params>
            <param index="0">
              <value>
                <![CDATA[[Ljava.lang.String;@3a40bb52]]>
              </value>
            </param>
          </params>
          <reporter-output>
          </reporter-output>
        </test-method> <!-- SignInInvalid -->
        <test-method status="PASS" signature="CloseBrowser(org.testng.ITestResult)[pri:0, instance:com.project.testcases.Signin_Invalid@55a1c291]" name="CloseBrowser" is-config="true" duration-ms="1142" started-at="2020-11-09T20:46:49Z" finished-at="2020-11-09T20:46:50Z">
          <params>
            <param index="0">
              <value>
                <![CDATA[[TestResult name=SignInInvalid status=SUCCESS method=Signin_Invalid.SignInInvalid([Ljava.lang.String;)[pri:0, instance:com.project.testcases.Signin_Invalid@55a1c291] output={null}]]]>
              </value>
            </param>
          </params>
          <reporter-output>
          </reporter-output>
        </test-method> <!-- CloseBrowser -->
        <test-method status="PASS" signature="initiateDriver()[pri:0, instance:com.project.testcases.Signin_Invalid@55a1c291]" name="initiateDriver" is-config="true" duration-ms="31424" started-at="2020-11-09T20:46:50Z" finished-at="2020-11-09T20:47:21Z">
          <reporter-output>
          </reporter-output>
        </test-method> <!-- initiateDriver -->
        <test-method status="PASS" signature="SignInInvalid([Ljava.lang.String;)[pri:0, instance:com.project.testcases.Signin_Invalid@55a1c291]" name="SignInInvalid" duration-ms="17044" started-at="2020-11-09T20:47:21Z" data-provider="TestData" finished-at="2020-11-09T20:47:38Z">
          <params>
            <param index="0">
              <value>
                <![CDATA[[Ljava.lang.String;@3079c26a]]>
              </value>
            </param>
          </params>
          <reporter-output>
          </reporter-output>
        </test-method> <!-- SignInInvalid -->
        <test-method status="PASS" signature="CloseBrowser(org.testng.ITestResult)[pri:0, instance:com.project.testcases.Signin_Invalid@55a1c291]" name="CloseBrowser" is-config="true" duration-ms="1104" started-at="2020-11-09T20:47:38Z" finished-at="2020-11-09T20:47:39Z">
          <params>
            <param index="0">
              <value>
                <![CDATA[[TestResult name=SignInInvalid status=SUCCESS method=Signin_Invalid.SignInInvalid([Ljava.lang.String;)[pri:0, instance:com.project.testcases.Signin_Invalid@55a1c291] output={null}]]]>
              </value>
            </param>
          </params>
          <reporter-output>
          </reporter-output>
        </test-method> <!-- CloseBrowser -->
        <test-method status="PASS" signature="initiateDriver()[pri:0, instance:com.project.testcases.Signin_Invalid@55a1c291]" name="initiateDriver" is-config="true" duration-ms="95015" started-at="2020-11-09T20:47:39Z" finished-at="2020-11-09T20:49:14Z">
          <reporter-output>
          </reporter-output>
        </test-method> <!-- initiateDriver -->
        <test-method status="PASS" signature="SignInInvalid([Ljava.lang.String;)[pri:0, instance:com.project.testcases.Signin_Invalid@55a1c291]" name="SignInInvalid" duration-ms="5826" started-at="2020-11-09T20:49:14Z" data-provider="TestData" finished-at="2020-11-09T20:49:20Z">
          <params>
            <param index="0">
              <value>
                <![CDATA[[Ljava.lang.String;@1e2445f6]]>
              </value>
            </param>
          </params>
          <reporter-output>
          </reporter-output>
        </test-method> <!-- SignInInvalid -->
        <test-method status="PASS" signature="CloseBrowser(org.testng.ITestResult)[pri:0, instance:com.project.testcases.Signin_Invalid@55a1c291]" name="CloseBrowser" is-config="true" duration-ms="1314" started-at="2020-11-09T20:49:20Z" finished-at="2020-11-09T20:49:22Z">
          <params>
            <param index="0">
              <value>
                <![CDATA[[TestResult name=SignInInvalid status=SUCCESS method=Signin_Invalid.SignInInvalid([Ljava.lang.String;)[pri:0, instance:com.project.testcases.Signin_Invalid@55a1c291] output={null}]]]>
              </value>
            </param>
          </params>
          <reporter-output>
          </reporter-output>
        </test-method> <!-- CloseBrowser -->
      </class> <!-- com.project.testcases.Signin_Invalid -->
      <class name="com.project.testcases.Account_2">
        <test-method status="PASS" signature="initiateDriver()[pri:0, instance:com.project.testcases.Account_2@8e0379d]" name="initiateDriver" is-config="true" duration-ms="25875" started-at="2020-11-09T20:44:01Z" finished-at="2020-11-09T20:44:27Z">
          <reporter-output>
          </reporter-output>
        </test-method> <!-- initiateDriver -->
        <test-method status="PASS" signature="RegisterAccount([Ljava.lang.String;)[pri:0, instance:com.project.testcases.Account_2@8e0379d]" name="RegisterAccount" duration-ms="30339" started-at="2020-11-09T20:44:27Z" data-provider="TestData" finished-at="2020-11-09T20:44:57Z">
          <params>
            <param index="0">
              <value>
                <![CDATA[[Ljava.lang.String;@16681017]]>
              </value>
            </param>
          </params>
          <reporter-output>
          </reporter-output>
        </test-method> <!-- RegisterAccount -->
        <test-method status="PASS" signature="CloseBrowser(org.testng.ITestResult)[pri:0, instance:com.project.testcases.Account_2@8e0379d]" name="CloseBrowser" is-config="true" duration-ms="1024" started-at="2020-11-09T20:44:57Z" finished-at="2020-11-09T20:44:58Z">
          <params>
            <param index="0">
              <value>
                <![CDATA[[TestResult name=RegisterAccount status=SUCCESS method=Account_2.RegisterAccount([Ljava.lang.String;)[pri:0, instance:com.project.testcases.Account_2@8e0379d] output={null}]]]>
              </value>
            </param>
          </params>
          <reporter-output>
          </reporter-output>
        </test-method> <!-- CloseBrowser -->
        <test-method status="PASS" signature="initiateDriver()[pri:0, instance:com.project.testcases.Account_2@8e0379d]" name="initiateDriver" is-config="true" duration-ms="16473" started-at="2020-11-09T20:44:58Z" finished-at="2020-11-09T20:45:15Z">
          <reporter-output>
          </reporter-output>
        </test-method> <!-- initiateDriver -->
        <test-method status="FAIL" signature="RegisterAccount([Ljava.lang.String;)[pri:0, instance:com.project.testcases.Account_2@8e0379d]" name="RegisterAccount" duration-ms="38154" started-at="2020-11-09T20:45:15Z" data-provider="TestData" finished-at="2020-11-09T20:45:53Z">
          <params>
            <param index="0">
              <value>
                <![CDATA[[Ljava.lang.String;@7741ae1b]]>
              </value>
            </param>
          </params>
          <exception class="java.lang.AssertionError">
            <message>
              <![CDATA[expected [true] but found [false]]]>
            </message>
            <full-stacktrace>
              <![CDATA[java.lang.AssertionError: expected [true] but found [false]
	at org.testng.Assert.fail(Assert.java:94)
	at org.testng.Assert.failNotEquals(Assert.java:496)
	at org.testng.Assert.assertTrue(Assert.java:42)
	at org.testng.Assert.assertTrue(Assert.java:52)
	at com.project.testcases.Account_2.RegisterAccount(Account_2.java:42)
	at sun.reflect.NativeMethodAccessorImpl.invoke0(Native Method)
	at sun.reflect.NativeMethodAccessorImpl.invoke(NativeMethodAccessorImpl.java:62)
	at sun.reflect.DelegatingMethodAccessorImpl.invoke(DelegatingMethodAccessorImpl.java:43)
	at java.lang.reflect.Method.invoke(Method.java:498)
	at org.testng.internal.MethodInvocationHelper.invokeMethod(MethodInvocationHelper.java:85)
	at org.testng.internal.Invoker.invokeMethod(Invoker.java:639)
	at org.testng.internal.Invoker.invokeTestMethod(Invoker.java:816)
	at org.testng.internal.Invoker.invokeTestMethods(Invoker.java:1124)
	at org.testng.internal.TestMethodWorker.invokeTestMethods(TestMethodWorker.java:125)
	at org.testng.internal.TestMethodWorker.run(TestMethodWorker.java:108)
	at org.testng.TestRunner.privateRun(TestRunner.java:774)
	at org.testng.TestRunner.run(TestRunner.java:624)
	at org.testng.SuiteRunner.runTest(SuiteRunner.java:359)
	at org.testng.SuiteRunner.runSequentially(SuiteRunner.java:354)
	at org.testng.SuiteRunner.privateRun(SuiteRunner.java:312)
	at org.testng.SuiteRunner.run(SuiteRunner.java:261)
	at org.testng.SuiteRunnerWorker.runSuite(SuiteRunnerWorker.java:52)
	at org.testng.SuiteRunnerWorker.run(SuiteRunnerWorker.java:86)
	at org.testng.TestNG.runSuitesSequentially(TestNG.java:1215)
	at org.testng.TestNG.runSuitesLocally(TestNG.java:1140)
	at org.testng.TestNG.run(TestNG.java:1048)
	at org.apache.maven.surefire.testng.TestNGExecutor.run(TestNGExecutor.java:293)
	at org.apache.maven.surefire.testng.TestNGXmlTestSuite.execute(TestNGXmlTestSuite.java:84)
	at org.apache.maven.surefire.testng.TestNGProvider.invoke(TestNGProvider.java:91)
	at org.apache.maven.surefire.booter.ForkedBooter.invokeProviderInSameClassLoader(ForkedBooter.java:200)
	at org.apache.maven.surefire.booter.ForkedBooter.runSuitesInProcess(ForkedBooter.java:153)
	at org.apache.maven.surefire.booter.ForkedBooter.main(ForkedBooter.java:103)
]]>
            </full-stacktrace>
          </exception> <!-- java.lang.AssertionError -->
          <reporter-output>
          </reporter-output>
        </test-method> <!-- RegisterAccount -->
        <test-method status="PASS" signature="CloseBrowser(org.testng.ITestResult)[pri:0, instance:com.project.testcases.Account_2@8e0379d]" name="CloseBrowser" is-config="true" duration-ms="3481" started-at="2020-11-09T20:45:53Z" finished-at="2020-11-09T20:45:57Z">
          <params>
            <param index="0">
              <value>
                <![CDATA[[TestResult name=RegisterAccount status=FAILURE method=Account_2.RegisterAccount([Ljava.lang.String;)[pri:0, instance:com.project.testcases.Account_2@8e0379d] output={null}]]]>
              </value>
            </param>
          </params>
          <reporter-output>
          </reporter-output>
        </test-method> <!-- CloseBrowser -->
      </class> <!-- com.project.testcases.Account_2 -->
      <class name="com.project.testcases.Review">
        <test-method status="PASS" signature="initiateDriver()[pri:0, instance:com.project.testcases.Review@1b083826]" name="initiateDriver" is-config="true" duration-ms="18368" started-at="2020-11-09T20:50:40Z" finished-at="2020-11-09T20:50:58Z">
          <reporter-output>
          </reporter-output>
        </test-method> <!-- initiateDriver -->
        <test-method status="FAIL" signature="WriteAReview([Ljava.lang.String;)[pri:0, instance:com.project.testcases.Review@1b083826]" name="WriteAReview" duration-ms="14808" started-at="2020-11-09T20:50:58Z" data-provider="TestData" finished-at="2020-11-09T20:51:13Z">
          <params>
            <param index="0">
              <value>
                <![CDATA[[Ljava.lang.String;@6885ed19]]>
              </value>
            </param>
          </params>
          <exception class="java.lang.AssertionError">
            <message>
              <![CDATA[expected [true] but found [false]]]>
            </message>
            <full-stacktrace>
              <![CDATA[java.lang.AssertionError: expected [true] but found [false]
	at org.testng.Assert.fail(Assert.java:94)
	at org.testng.Assert.failNotEquals(Assert.java:496)
	at org.testng.Assert.assertTrue(Assert.java:42)
	at org.testng.Assert.assertTrue(Assert.java:52)
	at com.project.testcases.Review.WriteAReview(Review.java:34)
	at sun.reflect.NativeMethodAccessorImpl.invoke0(Native Method)
	at sun.reflect.NativeMethodAccessorImpl.invoke(NativeMethodAccessorImpl.java:62)
	at sun.reflect.DelegatingMethodAccessorImpl.invoke(DelegatingMethodAccessorImpl.java:43)
	at java.lang.reflect.Method.invoke(Method.java:498)
	at org.testng.internal.MethodInvocationHelper.invokeMethod(MethodInvocationHelper.java:85)
	at org.testng.internal.Invoker.invokeMethod(Invoker.java:639)
	at org.testng.internal.Invoker.invokeTestMethod(Invoker.java:816)
	at org.testng.internal.Invoker.invokeTestMethods(Invoker.java:1124)
	at org.testng.internal.TestMethodWorker.invokeTestMethods(TestMethodWorker.java:125)
	at org.testng.internal.TestMethodWorker.run(TestMethodWorker.java:108)
	at org.testng.TestRunner.privateRun(TestRunner.java:774)
	at org.testng.TestRunner.run(TestRunner.java:624)
	at org.testng.SuiteRunner.runTest(SuiteRunner.java:359)
	at org.testng.SuiteRunner.runSequentially(SuiteRunner.java:354)
	at org.testng.SuiteRunner.privateRun(SuiteRunner.java:312)
	at org.testng.SuiteRunner.run(SuiteRunner.java:261)
	at org.testng.SuiteRunnerWorker.runSuite(SuiteRunnerWorker.java:52)
	at org.testng.SuiteRunnerWorker.run(SuiteRunnerWorker.java:86)
	at org.testng.TestNG.runSuitesSequentially(TestNG.java:1215)
	at org.testng.TestNG.runSuitesLocally(TestNG.java:1140)
	at org.testng.TestNG.run(TestNG.java:1048)
	at org.apache.maven.surefire.testng.TestNGExecutor.run(TestNGExecutor.java:293)
	at org.apache.maven.surefire.testng.TestNGXmlTestSuite.execute(TestNGXmlTestSuite.java:84)
	at org.apache.maven.surefire.testng.TestNGProvider.invoke(TestNGProvider.java:91)
	at org.apache.maven.surefire.booter.ForkedBooter.invokeProviderInSameClassLoader(ForkedBooter.java:200)
	at org.apache.maven.surefire.booter.ForkedBooter.runSuitesInProcess(ForkedBooter.java:153)
	at org.apache.maven.surefire.booter.ForkedBooter.main(ForkedBooter.java:103)
]]>
            </full-stacktrace>
          </exception> <!-- java.lang.AssertionError -->
          <reporter-output>
          </reporter-output>
        </test-method> <!-- WriteAReview -->
        <test-method status="PASS" signature="CloseBrowser(org.testng.ITestResult)[pri:0, instance:com.project.testcases.Review@1b083826]" name="CloseBrowser" is-config="true" duration-ms="2310" started-at="2020-11-09T20:51:13Z" finished-at="2020-11-09T20:51:15Z">
          <params>
            <param index="0">
              <value>
                <![CDATA[[TestResult name=WriteAReview status=FAILURE method=Review.WriteAReview([Ljava.lang.String;)[pri:0, instance:com.project.testcases.Review@1b083826] output={null}]]]>
              </value>
            </param>
          </params>
          <reporter-output>
          </reporter-output>
        </test-method> <!-- CloseBrowser -->
      </class> <!-- com.project.testcases.Review -->
      <class name="com.project.testcases.Manufacturers">
        <test-method status="PASS" signature="initiateDriver()[pri:0, instance:com.project.testcases.Manufacturers@40e6dfe1]" name="initiateDriver" is-config="true" duration-ms="16250" started-at="2020-11-09T20:50:17Z" finished-at="2020-11-09T20:50:33Z">
          <reporter-output>
          </reporter-output>
        </test-method> <!-- initiateDriver -->
        <test-method status="FAIL" signature="SearctTestCase([Ljava.lang.String;)[pri:0, instance:com.project.testcases.Manufacturers@40e6dfe1]" name="SearctTestCase" duration-ms="4575" started-at="2020-11-09T20:50:33Z" data-provider="TestData" finished-at="2020-11-09T20:50:38Z">
          <params>
            <param index="0">
              <value>
                <![CDATA[[Ljava.lang.String;@545d2560]]>
              </value>
            </param>
          </params>
          <exception class="java.lang.AssertionError">
            <message>
              <![CDATA[expected [true] but found [false]]]>
            </message>
            <full-stacktrace>
              <![CDATA[java.lang.AssertionError: expected [true] but found [false]
	at org.testng.Assert.fail(Assert.java:94)
	at org.testng.Assert.failNotEquals(Assert.java:496)
	at org.testng.Assert.assertTrue(Assert.java:42)
	at org.testng.Assert.assertTrue(Assert.java:52)
	at com.project.testcases.Manufacturers.SearctTestCase(Manufacturers.java:21)
	at sun.reflect.NativeMethodAccessorImpl.invoke0(Native Method)
	at sun.reflect.NativeMethodAccessorImpl.invoke(NativeMethodAccessorImpl.java:62)
	at sun.reflect.DelegatingMethodAccessorImpl.invoke(DelegatingMethodAccessorImpl.java:43)
	at java.lang.reflect.Method.invoke(Method.java:498)
	at org.testng.internal.MethodInvocationHelper.invokeMethod(MethodInvocationHelper.java:85)
	at org.testng.internal.Invoker.invokeMethod(Invoker.java:639)
	at org.testng.internal.Invoker.invokeTestMethod(Invoker.java:816)
	at org.testng.internal.Invoker.invokeTestMethods(Invoker.java:1124)
	at org.testng.internal.TestMethodWorker.invokeTestMethods(TestMethodWorker.java:125)
	at org.testng.internal.TestMethodWorker.run(TestMethodWorker.java:108)
	at org.testng.TestRunner.privateRun(TestRunner.java:774)
	at org.testng.TestRunner.run(TestRunner.java:624)
	at org.testng.SuiteRunner.runTest(SuiteRunner.java:359)
	at org.testng.SuiteRunner.runSequentially(SuiteRunner.java:354)
	at org.testng.SuiteRunner.privateRun(SuiteRunner.java:312)
	at org.testng.SuiteRunner.run(SuiteRunner.java:261)
	at org.testng.SuiteRunnerWorker.runSuite(SuiteRunnerWorker.java:52)
	at org.testng.SuiteRunnerWorker.run(SuiteRunnerWorker.java:86)
	at org.testng.TestNG.runSuitesSequentially(TestNG.java:1215)
	at org.testng.TestNG.runSuitesLocally(TestNG.java:1140)
	at org.testng.TestNG.run(TestNG.java:1048)
	at org.apache.maven.surefire.testng.TestNGExecutor.run(TestNGExecutor.java:293)
	at org.apache.maven.surefire.testng.TestNGXmlTestSuite.execute(TestNGXmlTestSuite.java:84)
	at org.apache.maven.surefire.testng.TestNGProvider.invoke(TestNGProvider.java:91)
	at org.apache.maven.surefire.booter.ForkedBooter.invokeProviderInSameClassLoader(ForkedBooter.java:200)
	at org.apache.maven.surefire.booter.ForkedBooter.runSuitesInProcess(ForkedBooter.java:153)
	at org.apache.maven.surefire.booter.ForkedBooter.main(ForkedBooter.java:103)
]]>
            </full-stacktrace>
          </exception> <!-- java.lang.AssertionError -->
          <reporter-output>
          </reporter-output>
        </test-method> <!-- SearctTestCase -->
        <test-method status="PASS" signature="CloseBrowser(org.testng.ITestResult)[pri:0, instance:com.project.testcases.Manufacturers@40e6dfe1]" name="CloseBrowser" is-config="true" duration-ms="1924" started-at="2020-11-09T20:50:38Z" finished-at="2020-11-09T20:50:40Z">
          <params>
            <param index="0">
              <value>
                <![CDATA[[TestResult name=SearctTestCase status=FAILURE method=Manufacturers.SearctTestCase([Ljava.lang.String;)[pri:0, instance:com.project.testcases.Manufacturers@40e6dfe1] output={null}]]]>
              </value>
            </param>
          </params>
          <reporter-output>
          </reporter-output>
        </test-method> <!-- CloseBrowser -->
      </class> <!-- com.project.testcases.Manufacturers -->
      <class name="com.project.testcases.ShareProduct_GooglePlus">
        <test-method status="PASS" signature="initiateDriver()[pri:0, instance:com.project.testcases.ShareProduct_GooglePlus@3ec300f1]" name="initiateDriver" is-config="true" duration-ms="15942" started-at="2020-11-09T20:51:44Z" finished-at="2020-11-09T20:51:59Z">
          <reporter-output>
          </reporter-output>
        </test-method> <!-- initiateDriver -->
        <test-method status="PASS" signature="ShareProductGooglePlus([Ljava.lang.String;)[pri:0, instance:com.project.testcases.ShareProduct_GooglePlus@3ec300f1]" name="ShareProductGooglePlus" duration-ms="7656" started-at="2020-11-09T20:51:59Z" data-provider="TestData" finished-at="2020-11-09T20:52:07Z">
          <params>
            <param index="0">
              <value>
                <![CDATA[[Ljava.lang.String;@7b9e25bd]]>
              </value>
            </param>
          </params>
          <reporter-output>
          </reporter-output>
        </test-method> <!-- ShareProductGooglePlus -->
        <test-method status="PASS" signature="CloseBrowser(org.testng.ITestResult)[pri:0, instance:com.project.testcases.ShareProduct_GooglePlus@3ec300f1]" name="CloseBrowser" is-config="true" duration-ms="981" started-at="2020-11-09T20:52:07Z" finished-at="2020-11-09T20:52:08Z">
          <params>
            <param index="0">
              <value>
                <![CDATA[[TestResult name=ShareProductGooglePlus status=SUCCESS method=ShareProduct_GooglePlus.ShareProductGooglePlus([Ljava.lang.String;)[pri:0, instance:com.project.testcases.ShareProduct_GooglePlus@3ec300f1] output={null}]]]>
              </value>
            </param>
          </params>
          <reporter-output>
          </reporter-output>
        </test-method> <!-- CloseBrowser -->
      </class> <!-- com.project.testcases.ShareProduct_GooglePlus -->
      <class name="com.project.testcases.Search">
        <test-method status="PASS" signature="initiateDriver()[pri:0, instance:com.project.testcases.Search@2890c451]" name="initiateDriver" is-config="true" duration-ms="17873" started-at="2020-11-09T20:49:53Z" finished-at="2020-11-09T20:50:11Z">
          <reporter-output>
          </reporter-output>
        </test-method> <!-- initiateDriver -->
        <test-method status="PASS" signature="SearctTestCase([Ljava.lang.String;)[pri:0, instance:com.project.testcases.Search@2890c451]" name="SearctTestCase" duration-ms="4675" started-at="2020-11-09T20:50:11Z" data-provider="TestData" finished-at="2020-11-09T20:50:16Z">
          <params>
            <param index="0">
              <value>
                <![CDATA[[Ljava.lang.String;@6aae0e6f]]>
              </value>
            </param>
          </params>
          <reporter-output>
          </reporter-output>
        </test-method> <!-- SearctTestCase -->
        <test-method status="PASS" signature="CloseBrowser(org.testng.ITestResult)[pri:0, instance:com.project.testcases.Search@2890c451]" name="CloseBrowser" is-config="true" duration-ms="1062" started-at="2020-11-09T20:50:16Z" finished-at="2020-11-09T20:50:17Z">
          <params>
            <param index="0">
              <value>
                <![CDATA[[TestResult name=SearctTestCase status=SUCCESS method=Search.SearctTestCase([Ljava.lang.String;)[pri:0, instance:com.project.testcases.Search@2890c451] output={null}]]]>
              </value>
            </param>
          </params>
          <reporter-output>
          </reporter-output>
        </test-method> <!-- CloseBrowser -->
      </class> <!-- com.project.testcases.Search -->
      <class name="com.project.testcases.ShareProduct_Facebook">
        <test-method status="PASS" signature="initiateDriver()[pri:0, instance:com.project.testcases.ShareProduct_Facebook@482cd91f]" name="initiateDriver" is-config="true" duration-ms="14210" started-at="2020-11-09T20:52:08Z" finished-at="2020-11-09T20:52:22Z">
          <reporter-output>
          </reporter-output>
        </test-method> <!-- initiateDriver -->
        <test-method status="PASS" signature="ShareProductFacebook([Ljava.lang.String;)[pri:0, instance:com.project.testcases.ShareProduct_Facebook@482cd91f]" name="ShareProductFacebook" duration-ms="4783" started-at="2020-11-09T20:52:22Z" data-provider="TestData" finished-at="2020-11-09T20:52:27Z">
          <params>
            <param index="0">
              <value>
                <![CDATA[[Ljava.lang.String;@37775bb1]]>
              </value>
            </param>
          </params>
          <reporter-output>
          </reporter-output>
        </test-method> <!-- ShareProductFacebook -->
        <test-method status="PASS" signature="CloseBrowser(org.testng.ITestResult)[pri:0, instance:com.project.testcases.ShareProduct_Facebook@482cd91f]" name="CloseBrowser" is-config="true" duration-ms="2026" started-at="2020-11-09T20:52:27Z" finished-at="2020-11-09T20:52:29Z">
          <params>
            <param index="0">
              <value>
                <![CDATA[[TestResult name=ShareProductFacebook status=SUCCESS method=ShareProduct_Facebook.ShareProductFacebook([Ljava.lang.String;)[pri:0, instance:com.project.testcases.ShareProduct_Facebook@482cd91f] output={null}]]]>
              </value>
            </param>
          </params>
          <reporter-output>
          </reporter-output>
        </test-method> <!-- CloseBrowser -->
      </class> <!-- com.project.testcases.ShareProduct_Facebook -->
      <class name="com.project.testcases.ShareProduct_Pinterest">
        <test-method status="PASS" signature="initiateDriver()[pri:0, instance:com.project.testcases.ShareProduct_Pinterest@105fece7]" name="initiateDriver" is-config="true" duration-ms="12555" started-at="2020-11-09T20:51:15Z" finished-at="2020-11-09T20:51:28Z">
          <reporter-output>
          </reporter-output>
        </test-method> <!-- initiateDriver -->
        <test-method status="PASS" signature="ShareProductPinIt([Ljava.lang.String;)[pri:0, instance:com.project.testcases.ShareProduct_Pinterest@105fece7]" name="ShareProductPinIt" duration-ms="11730" started-at="2020-11-09T20:51:28Z" data-provider="TestData" finished-at="2020-11-09T20:51:39Z">
          <params>
            <param index="0">
              <value>
                <![CDATA[[Ljava.lang.String;@2d206a71]]>
              </value>
            </param>
          </params>
          <reporter-output>
          </reporter-output>
        </test-method> <!-- ShareProductPinIt -->
        <test-method status="PASS" signature="CloseBrowser(org.testng.ITestResult)[pri:0, instance:com.project.testcases.ShareProduct_Pinterest@105fece7]" name="CloseBrowser" is-config="true" duration-ms="4067" started-at="2020-11-09T20:51:39Z" finished-at="2020-11-09T20:51:44Z">
          <params>
            <param index="0">
              <value>
                <![CDATA[[TestResult name=ShareProductPinIt status=SUCCESS method=ShareProduct_Pinterest.ShareProductPinIt([Ljava.lang.String;)[pri:0, instance:com.project.testcases.ShareProduct_Pinterest@105fece7] output={null}]]]>
              </value>
            </param>
          </params>
          <reporter-output>
          </reporter-output>
        </test-method> <!-- CloseBrowser -->
      </class> <!-- com.project.testcases.ShareProduct_Pinterest -->
      <class name="com.project.testcases.PlacingOrder">
        <test-method status="PASS" signature="initiateDriver()[pri:0, instance:com.project.testcases.PlacingOrder@123f1134]" name="initiateDriver" is-config="true" duration-ms="15070" started-at="2020-11-09T20:52:29Z" finished-at="2020-11-09T20:52:44Z">
          <reporter-output>
          </reporter-output>
        </test-method> <!-- initiateDriver -->
        <test-method status="FAIL" signature="PlacingOrderPayByCheck([Ljava.lang.String;)[pri:0, instance:com.project.testcases.PlacingOrder@123f1134]" name="PlacingOrderPayByCheck" duration-ms="48802" started-at="2020-11-09T20:52:44Z" data-provider="TestData" finished-at="2020-11-09T20:53:33Z">
          <params>
            <param index="0">
              <value>
                <![CDATA[[Ljava.lang.String;@703e8050]]>
              </value>
            </param>
          </params>
          <exception class="java.lang.AssertionError">
            <message>
              <![CDATA[expected [true] but found [false]]]>
            </message>
            <full-stacktrace>
              <![CDATA[java.lang.AssertionError: expected [true] but found [false]
	at org.testng.Assert.fail(Assert.java:94)
	at org.testng.Assert.failNotEquals(Assert.java:496)
	at org.testng.Assert.assertTrue(Assert.java:42)
	at org.testng.Assert.assertTrue(Assert.java:52)
	at com.project.testcases.PlacingOrder.PlacingOrderPayByCheck(PlacingOrder.java:90)
	at sun.reflect.NativeMethodAccessorImpl.invoke0(Native Method)
	at sun.reflect.NativeMethodAccessorImpl.invoke(NativeMethodAccessorImpl.java:62)
	at sun.reflect.DelegatingMethodAccessorImpl.invoke(DelegatingMethodAccessorImpl.java:43)
	at java.lang.reflect.Method.invoke(Method.java:498)
	at org.testng.internal.MethodInvocationHelper.invokeMethod(MethodInvocationHelper.java:85)
	at org.testng.internal.Invoker.invokeMethod(Invoker.java:639)
	at org.testng.internal.Invoker.invokeTestMethod(Invoker.java:816)
	at org.testng.internal.Invoker.invokeTestMethods(Invoker.java:1124)
	at org.testng.internal.TestMethodWorker.invokeTestMethods(TestMethodWorker.java:125)
	at org.testng.internal.TestMethodWorker.run(TestMethodWorker.java:108)
	at org.testng.TestRunner.privateRun(TestRunner.java:774)
	at org.testng.TestRunner.run(TestRunner.java:624)
	at org.testng.SuiteRunner.runTest(SuiteRunner.java:359)
	at org.testng.SuiteRunner.runSequentially(SuiteRunner.java:354)
	at org.testng.SuiteRunner.privateRun(SuiteRunner.java:312)
	at org.testng.SuiteRunner.run(SuiteRunner.java:261)
	at org.testng.SuiteRunnerWorker.runSuite(SuiteRunnerWorker.java:52)
	at org.testng.SuiteRunnerWorker.run(SuiteRunnerWorker.java:86)
	at org.testng.TestNG.runSuitesSequentially(TestNG.java:1215)
	at org.testng.TestNG.runSuitesLocally(TestNG.java:1140)
	at org.testng.TestNG.run(TestNG.java:1048)
	at org.apache.maven.surefire.testng.TestNGExecutor.run(TestNGExecutor.java:293)
	at org.apache.maven.surefire.testng.TestNGXmlTestSuite.execute(TestNGXmlTestSuite.java:84)
	at org.apache.maven.surefire.testng.TestNGProvider.invoke(TestNGProvider.java:91)
	at org.apache.maven.surefire.booter.ForkedBooter.invokeProviderInSameClassLoader(ForkedBooter.java:200)
	at org.apache.maven.surefire.booter.ForkedBooter.runSuitesInProcess(ForkedBooter.java:153)
	at org.apache.maven.surefire.booter.ForkedBooter.main(ForkedBooter.java:103)
]]>
            </full-stacktrace>
          </exception> <!-- java.lang.AssertionError -->
          <reporter-output>
          </reporter-output>
        </test-method> <!-- PlacingOrderPayByCheck -->
        <test-method status="PASS" signature="CloseBrowser(org.testng.ITestResult)[pri:0, instance:com.project.testcases.PlacingOrder@123f1134]" name="CloseBrowser" is-config="true" duration-ms="1879" started-at="2020-11-09T20:53:33Z" finished-at="2020-11-09T20:53:35Z">
          <params>
            <param index="0">
              <value>
                <![CDATA[[TestResult name=PlacingOrderPayByCheck status=FAILURE method=PlacingOrder.PlacingOrderPayByCheck([Ljava.lang.String;)[pri:0, instance:com.project.testcases.PlacingOrder@123f1134] output={null}]]]>
              </value>
            </param>
          </params>
          <reporter-output>
          </reporter-output>
        </test-method> <!-- CloseBrowser -->
        <test-method status="PASS" signature="initiateDriver()[pri:0, instance:com.project.testcases.PlacingOrder@123f1134]" name="initiateDriver" is-config="true" duration-ms="16926" started-at="2020-11-09T20:53:35Z" finished-at="2020-11-09T20:53:52Z">
          <reporter-output>
          </reporter-output>
        </test-method> <!-- initiateDriver -->
        <test-method status="PASS" signature="PlacingOrderPayByWire([Ljava.lang.String;)[pri:0, instance:com.project.testcases.PlacingOrder@123f1134]" name="PlacingOrderPayByWire" duration-ms="50449" started-at="2020-11-09T20:53:52Z" data-provider="TestData" finished-at="2020-11-09T20:54:42Z">
          <params>
            <param index="0">
              <value>
                <![CDATA[[Ljava.lang.String;@4a22e4d7]]>
              </value>
            </param>
          </params>
          <reporter-output>
          </reporter-output>
        </test-method> <!-- PlacingOrderPayByWire -->
        <test-method status="PASS" signature="CloseBrowser(org.testng.ITestResult)[pri:0, instance:com.project.testcases.PlacingOrder@123f1134]" name="CloseBrowser" is-config="true" duration-ms="1288" started-at="2020-11-09T20:54:42Z" finished-at="2020-11-09T20:54:44Z">
          <params>
            <param index="0">
              <value>
                <![CDATA[[TestResult name=PlacingOrderPayByWire status=SUCCESS method=PlacingOrder.PlacingOrderPayByWire([Ljava.lang.String;)[pri:0, instance:com.project.testcases.PlacingOrder@123f1134] output={null}]]]>
              </value>
            </param>
          </params>
          <reporter-output>
          </reporter-output>
        </test-method> <!-- CloseBrowser -->
      </class> <!-- com.project.testcases.PlacingOrder -->
    </test> <!-- Automation -->
  </suite> <!-- Suite -->
</testng-results>
